PigeonMessanger/app/build/intermediates/manifest_merge_blame_file/debug/manifest-merger-blame-debug-report.txt
1<?xml version="1.0" encoding="utf-8"?>
2<manifest xmlns:android="http://schemas.android.com/apk/res/android"
3    package="it.polimi.deib.p2pchat"
4    android:versionCode="1"
5    android:versionName="1.0" >
6
7    <uses-sdk
8        android:minSdkVersion="19"
8-->src/main/AndroidManifest.xml
9        android:targetSdkVersion="29" />
9-->src/main/AndroidManifest.xml
10
11    <uses-permission android:name="android.permission.ACCESS_WIFI_STATE" />
11-->src/main/AndroidManifest.xml:6:5-76
11-->src/main/AndroidManifest.xml:6:22-73
12    <uses-permission android:name="android.permission.CHANGE_WIFI_STATE" />
12-->src/main/AndroidManifest.xml:7:5-76
12-->src/main/AndroidManifest.xml:7:22-73
13    <uses-permission android:name="android.permission.CHANGE_NETWORK_STATE" />
13-->src/main/AndroidManifest.xml:8:5-79
13-->src/main/AndroidManifest.xml:8:22-76
14    <uses-permission android:name="android.permission.INTERNET" />
14-->src/main/AndroidManifest.xml:9:5-67
14-->src/main/AndroidManifest.xml:9:22-64
15    <uses-permission android:name="android.permission.ACCESS_NETWORK_STATE" />
15-->src/main/AndroidManifest.xml:10:5-79
15-->src/main/AndroidManifest.xml:10:22-76
16    <uses-permission android:name="android.permission.READ_PHONE_STATE" />
16-->src/main/AndroidManifest.xml:11:5-75
16-->src/main/AndroidManifest.xml:11:22-72
17
18    <!-- Google Play filtering -->
19    <uses-feature
19-->src/main/AndroidManifest.xml:14:5-88
20        android:name="android.hardware.wifi.direct"
20-->src/main/AndroidManifest.xml:14:19-62
21        android:required="true" />
21-->src/main/AndroidManifest.xml:14:63-86
22
23    <application
23-->src/main/AndroidManifest.xml:16:5-30:19
24        android:allowBackup="true"
24-->src/main/AndroidManifest.xml:19:9-35
25        android:appComponentFactory="androidx.core.app.CoreComponentFactory"
25-->[androidx.core:core:1.1.0] AndroidManifest.xml:24:18-86
26        android:debuggable="true"
27        android:icon="@drawable/ic_launcher"
27-->src/main/AndroidManifest.xml:17:9-45
28        android:label="@string/app_name" >
28-->src/main/AndroidManifest.xml:18:9-41
29        <activity
29-->src/main/AndroidManifest.xml:20:9-29:20
30            android:name="it.polimi.deib.p2pchat.discovery.MainActivity"
30-->src/main/AndroidManifest.xml:21:13-51
31            android:label="@string/app_name"
31-->src/main/AndroidManifest.xml:22:13-45
32            android:screenOrientation="portrait"
32-->src/main/AndroidManifest.xml:24:13-49
33            android:theme="@style/CustomActionBarTheme" >
33-->src/main/AndroidManifest.xml:23:13-56
34            <intent-filter>
34-->src/main/AndroidManifest.xml:25:13-28:29
35                <action android:name="android.intent.action.MAIN" />
35-->src/main/AndroidManifest.xml:26:17-69
35-->src/main/AndroidManifest.xml:26:25-66
36
37                <category android:name="android.intent.category.LAUNCHER" />
37-->src/main/AndroidManifest.xml:27:17-77
37-->src/main/AndroidManifest.xml:27:27-74
38            </intent-filter>
39        </activity>
40    </application>
41
42</manifest>